Programación multimedia y dispositivos moviles/Tema2/Proyectos 1er Trimestre/app/build/intermediates/manifest_merge_blame_file/debug/manifest-merger-blame-debug-report.txt
1<?xml version="1.0" encoding="utf-8"?>
2<manifest xmlns:android="http://schemas.android.com/apk/res/android"
3    package="com.example.ejercicioentregaperro"
4    android:versionCode="1"
5    android:versionName="1.0" >
6
7    <uses-sdk
8        android:minSdkVersion="16"
8-->src/main/AndroidManifest.xml
9        android:targetSdkVersion="30" />
9-->src/main/AndroidManifest.xml
10
11    <application
11-->src/main/AndroidManifest.xml:5:5-27:19
12        android:allowBackup="true"
12-->src/main/AndroidManifest.xml:6:9-35
13        android:appComponentFactory="androidx.core.app.CoreComponentFactory"
13-->[androidx.core:core:1.3.1] AndroidManifest.xml:24:18-86
14        android:debuggable="true"
15        android:icon="@mipmap/pet1"
15-->src/main/AndroidManifest.xml:7:9-36
16        android:label="@string/app_name"
16-->src/main/AndroidManifest.xml:8:9-41
17        android:testOnly="true"
18        android:theme="@style/AppTheme" >
18-->src/main/AndroidManifest.xml:9:9-40
19        <activity
19-->src/main/AndroidManifest.xml:10:9-17:20
20            android:name="com.example.ejercicioentregaperro.Visor"
20-->src/main/AndroidManifest.xml:11:13-34
21            android:label="@string/app_name2"
21-->src/main/AndroidManifest.xml:12:13-46
22            android:parentActivityName="com.example.ejercicioentregaperro.MainActivity" >
22-->src/main/AndroidManifest.xml:13:13-55
23            <meta-data
23-->src/main/AndroidManifest.xml:14:13-16:82
24                android:name="android.support.PARENT_ACTIVITY"
24-->src/main/AndroidManifest.xml:15:17-63
25                android:value="com.example.ejercicioentregaperro.MainActivity" />
25-->src/main/AndroidManifest.xml:16:17-79
26        </activity>
27        <activity
27-->src/main/AndroidManifest.xml:18:9-26:20
28            android:name="com.example.ejercicioentregaperro.MainActivity"
28-->src/main/AndroidManifest.xml:19:13-41
29            android:label="@string/app_name" >
29-->src/main/AndroidManifest.xml:20:13-45
30            <intent-filter>
30-->src/main/AndroidManifest.xml:21:13-25:29
31                <action android:name="android.intent.action.MAIN" />
31-->src/main/AndroidManifest.xml:22:17-69
31-->src/main/AndroidManifest.xml:22:25-66
32
33                <category android:name="android.intent.category.LAUNCHER" />
33-->src/main/AndroidManifest.xml:24:17-77
33-->src/main/AndroidManifest.xml:24:27-74
34            </intent-filter>
35        </activity>
36    </application>
37
38</manifest>